2019-03-08 00:46:19.598 INFO  (main) [   ] org.eclipse.jetty.util.log.Log Logging initialized @427ms to org.eclipse.jetty.util.log.Slf4jLog
2019-03-08 00:46:19.687 WARN  (main) [   ] org.eclipse.jetty.server.ServerConnector Ignoring deprecated socket close linger time
2019-03-08 00:46:19.691 INFO  (main) [   ] org.eclipse.jetty.server.Server jetty-9.4.14.v20181114; built: 2018-11-14T21:20:31.478Z; git: c4550056e785fb5665914545889f21dc136ad9e6; jvm 1.8.0_201-b09
2019-03-08 00:46:19.707 INFO  (main) [   ] org.eclipse.jetty.deploy.providers.ScanningAppProvider Deployment monitor [file:///home/epi/solr-7.7.0-src/solr/server/contexts/] at interval 0
2019-03-08 00:46:19.853 INFO  (main) [   ] org.eclipse.jetty.webapp.StandardDescriptorProcessor NO JSP Support for /solr, did not find org.apache.jasper.servlet.JspServlet
2019-03-08 00:46:19.860 INFO  (main) [   ] org.eclipse.jetty.server.session.DefaultSessionIdManager DefaultSessionIdManager workerName=node0
2019-03-08 00:46:19.860 INFO  (main) [   ] org.eclipse.jetty.server.session.DefaultSessionIdManager No SessionScavenger set, using defaults
2019-03-08 00:46:19.861 INFO  (main) [   ] org.eclipse.jetty.server.session.HouseKeeper node0 Scavenging every 660000ms
2019-03-08 00:46:19.886 INFO  (main) [   ] org.apache.solr.util.configuration.SSLCredentialProviderFactory Processing SSL Credential Provider chain: env;sysprop
2019-03-08 00:46:19.904 INFO  (main) [   ] org.apache.solr.servlet.SolrDispatchFilter Using logger factory org.apache.logging.slf4j.Log4jLoggerFactory
2019-03-08 00:46:19.907 INFO  (main) [   ] org.apache.solr.servlet.SolrDispatchFilter  ___      _       Welcome to Apache Solr™ version 7.7.0-SNAPSHOT c5ca3856f0dab248a8e0c31a6ed81cb1f7529039 - epi - 2019-03-07 17:44:48
2019-03-08 00:46:19.909 INFO  (main) [   ] org.apache.solr.servlet.SolrDispatchFilter / __| ___| |_ _   Starting in cloud mode on port 8983
2019-03-08 00:46:19.909 INFO  (main) [   ] org.apache.solr.servlet.SolrDispatchFilter \__ \/ _ \ | '_|  Install dir: /home/epi/solr-7.7.0-src/solr
2019-03-08 00:46:19.910 INFO  (main) [   ] org.apache.solr.servlet.SolrDispatchFilter |___/\___/_|_|    Start time: 2019-03-08T00:46:19.909Z
2019-03-08 00:46:19.922 INFO  (main) [   ] org.apache.solr.core.SolrResourceLoader Using system property solr.solr.home: /home/epi/solr-7.7.0-src/solr/example/cloud/node1/solr/
2019-03-08 00:46:19.973 INFO  (zkConnectionManagerCallback-2-thread-1) [   ] org.apache.solr.common.cloud.ConnectionManager zkClient has connected
2019-03-08 00:46:19.980 INFO  (main) [   ] org.apache.solr.servlet.SolrDispatchFilter Loading solr.xml from SolrHome (not found in ZooKeeper)
2019-03-08 00:46:19.983 INFO  (main) [   ] org.apache.solr.core.SolrXmlConfig Loading container configuration from /home/epi/solr-7.7.0-src/solr/example/cloud/node1/solr/solr.xml
2019-03-08 00:46:20.025 INFO  (main) [   ] org.apache.solr.core.SolrXmlConfig MBean server found: com.sun.jmx.mbeanserver.JmxMBeanServer@27c6e487, but no JMX reporters were configured - adding default JMX reporter.
2019-03-08 00:46:20.315 INFO  (main) [   ] org.apache.solr.core.CoreContainer locking memory for future usage
2019-03-08 00:46:20.344 INFO  (main) [   ] org.apache.solr.core.CoreContainer mlockall: 0
2019-03-08 00:46:20.362 INFO  (main) [   ] org.apache.solr.handler.component.HttpShardHandlerFactory Host whitelist initialized: WhitelistHostChecker [whitelistHosts=null, whitelistHostCheckingEnabled=true]
2019-03-08 00:46:20.532 INFO  (main) [   ] org.apache.solr.core.ZkContainer Zookeeper client=numa-03:2181
2019-03-08 00:46:20.549 INFO  (zkConnectionManagerCallback-6-thread-1) [   ] org.apache.solr.common.cloud.ConnectionManager zkClient has connected
2019-03-08 00:46:20.604 INFO  (main) [   ] org.apache.solr.cloud.OverseerElectionContext I am going to be the leader numa-04:8983_solr
2019-03-08 00:46:20.608 INFO  (main) [   ] org.apache.solr.cloud.Overseer Overseer (id=101710709804957717-numa-04:8983_solr-n_0000000005) starting
2019-03-08 00:46:20.637 INFO  (zkConnectionManagerCallback-13-thread-1) [   ] org.apache.solr.common.cloud.ConnectionManager zkClient has connected
2019-03-08 00:46:20.640 INFO  (main) [   ] org.apache.solr.client.solrj.impl.ZkClientClusterStateProvider Cluster at numa-03:2181 ready
2019-03-08 00:46:20.670 INFO  (main) [   ] org.apache.solr.cloud.ZkController Register node as live in ZooKeeper:/live_nodes/numa-04:8983_solr
2019-03-08 00:46:20.675 INFO  (OverseerStateUpdate-101710709804957717-numa-04:8983_solr-n_0000000005) [   ] org.apache.solr.cloud.Overseer$ClusterStateUpdater Starting to work on the main queue : numa-04:8983_solr
2019-03-08 00:46:20.683 INFO  (OverseerStateUpdate-101710709804957717-numa-04:8983_solr-n_0000000005) [   ] org.apache.solr.common.cloud.ZkStateReader Updated live nodes from ZooKeeper... (0) -> (1)
2019-03-08 00:46:20.684 INFO  (zkCallback-12-thread-1) [   ] org.apache.solr.common.cloud.ZkStateReader Updated live nodes from ZooKeeper... (0) -> (1)
2019-03-08 00:46:20.805 INFO  (main) [   ] org.apache.solr.handler.admin.MetricsHistoryHandler No .system collection, keeping metrics history in memory.
2019-03-08 00:46:20.848 INFO  (main) [   ] org.apache.solr.metrics.reporters.SolrJmxReporter JMX monitoring for 'solr.node' (registry 'solr.node') enabled at server: com.sun.jmx.mbeanserver.JmxMBeanServer@27c6e487
2019-03-08 00:46:20.849 INFO  (main) [   ] org.apache.solr.metrics.reporters.SolrJmxReporter JMX monitoring for 'solr.jvm' (registry 'solr.jvm') enabled at server: com.sun.jmx.mbeanserver.JmxMBeanServer@27c6e487
2019-03-08 00:46:20.853 INFO  (main) [   ] org.apache.solr.metrics.reporters.SolrJmxReporter JMX monitoring for 'solr.jetty' (registry 'solr.jetty') enabled at server: com.sun.jmx.mbeanserver.JmxMBeanServer@27c6e487
2019-03-08 00:46:20.872 INFO  (main) [   ] org.apache.solr.core.CorePropertiesLocator Found 1 core definitions underneath /home/epi/solr-7.7.0-src/solr/example/cloud/node1/solr
2019-03-08 00:46:20.873 INFO  (main) [   ] org.apache.solr.core.CorePropertiesLocator Cores are: [ycsb_shard1_replica_n1]
2019-03-08 00:46:20.889 INFO  (coreLoadExecutor-13-thread-1-processing-n:numa-04:8983_solr) [   ] org.apache.solr.core.TransientSolrCoreCacheDefault Allocating transient cache for 2147483647 transient cores
2019-03-08 00:46:20.913 INFO  (main) [   ] org.eclipse.jetty.server.handler.ContextHandler Started o.e.j.w.WebAppContext@1190200a{/solr,file:///home/epi/solr-7.7.0-src/solr/server/solr-webapp/webapp/,AVAILABLE}{/home/epi/solr-7.7.0-src/solr/server/solr-webapp/webapp}
2019-03-08 00:46:20.922 INFO  (coreLoadExecutor-13-thread-1-processing-n:numa-04:8983_solr) [   ] org.apache.solr.core.RequestParams conf resource params.json loaded . version : 0 
2019-03-08 00:46:20.922 INFO  (coreLoadExecutor-13-thread-1-processing-n:numa-04:8983_solr) [   ] org.apache.solr.core.RequestParams request params refreshed to version 0
2019-03-08 00:46:20.929 INFO  (coreLoadExecutor-13-thread-1-processing-n:numa-04:8983_solr) [   ] org.apache.solr.core.SolrResourceLoader [ycsb_shard1_replica_n1] Added 58 libs to classloader, from paths: [/home/epi/solr-7.7.0-src/solr/contrib/clustering/lib, /home/epi/solr-7.7.0-src/solr/contrib/extraction/lib, /home/epi/solr-7.7.0-src/solr/contrib/langid/lib, /home/epi/solr-7.7.0-src/solr/contrib/velocity/lib, /home/epi/solr-7.7.0-src/solr/dist]
2019-03-08 00:46:20.945 INFO  (main) [   ] org.eclipse.jetty.server.AbstractConnector Started ServerConnector@f415a95{HTTP/1.1,[http/1.1]}{0.0.0.0:8983}
2019-03-08 00:46:20.945 INFO  (main) [   ] org.eclipse.jetty.server.Server Started @1775ms
2019-03-08 00:46:21.073 INFO  (coreLoadExecutor-13-thread-1-processing-n:numa-04:8983_solr) [   ] org.apache.solr.core.SolrConfig Using Lucene MatchVersion: 7.7.0
2019-03-08 00:46:21.151 INFO  (coreLoadExecutor-13-thread-1-processing-n:numa-04:8983_solr) [   ] org.apache.solr.schema.IndexSchema [ycsb_shard1_replica_n1] Schema name=default-config
2019-03-08 00:46:21.529 INFO  (coreLoadExecutor-13-thread-1-processing-n:numa-04:8983_solr) [   ] org.apache.solr.schema.IndexSchema Loaded schema default-config/1.6 with uniqueid field id
2019-03-08 00:46:21.590 INFO  (coreLoadExecutor-13-thread-1-processing-n:numa-04:8983_solr) [c:ycsb s:shard1 r:core_node2 x:ycsb_shard1_replica_n1] org.apache.solr.core.RequestParams conf resource params.json loaded . version : 0 
2019-03-08 00:46:21.590 INFO  (coreLoadExecutor-13-thread-1-processing-n:numa-04:8983_solr) [c:ycsb s:shard1 r:core_node2 x:ycsb_shard1_replica_n1] org.apache.solr.core.RequestParams request params refreshed to version 0
2019-03-08 00:46:21.592 INFO  (coreLoadExecutor-13-thread-1-processing-n:numa-04:8983_solr) [c:ycsb s:shard1 r:core_node2 x:ycsb_shard1_replica_n1] org.apache.solr.core.SolrResourceLoader [ycsb_shard1_replica_n1] Added 58 libs to classloader, from paths: [/home/epi/solr-7.7.0-src/solr/contrib/clustering/lib, /home/epi/solr-7.7.0-src/solr/contrib/extraction/lib, /home/epi/solr-7.7.0-src/solr/contrib/langid/lib, /home/epi/solr-7.7.0-src/solr/contrib/velocity/lib, /home/epi/solr-7.7.0-src/solr/dist]
2019-03-08 00:46:21.608 INFO  (coreLoadExecutor-13-thread-1-processing-n:numa-04:8983_solr) [c:ycsb s:shard1 r:core_node2 x:ycsb_shard1_replica_n1] org.apache.solr.core.SolrConfig Using Lucene MatchVersion: 7.7.0
2019-03-08 00:46:21.646 INFO  (coreLoadExecutor-13-thread-1-processing-n:numa-04:8983_solr) [c:ycsb s:shard1 r:core_node2 x:ycsb_shard1_replica_n1] org.apache.solr.schema.IndexSchema [ycsb_shard1_replica_n1] Schema name=default-config
2019-03-08 00:46:21.804 INFO  (coreLoadExecutor-13-thread-1-processing-n:numa-04:8983_solr) [c:ycsb s:shard1 r:core_node2 x:ycsb_shard1_replica_n1] org.apache.solr.schema.IndexSchema Loaded schema default-config/1.6 with uniqueid field id
2019-03-08 00:46:21.839 INFO  (coreLoadExecutor-13-thread-1-processing-n:numa-04:8983_solr) [c:ycsb s:shard1 r:core_node2 x:ycsb_shard1_replica_n1] org.apache.solr.core.CoreContainer Creating SolrCore 'ycsb_shard1_replica_n1' using configuration from collection ycsb, trusted=true
2019-03-08 00:46:21.863 INFO  (coreLoadExecutor-13-thread-1-processing-n:numa-04:8983_solr) [c:ycsb s:shard1 r:core_node2 x:ycsb_shard1_replica_n1] org.apache.solr.metrics.reporters.SolrJmxReporter JMX monitoring for 'solr.core.ycsb.shard1.replica_n1' (registry 'solr.core.ycsb.shard1.replica_n1') enabled at server: com.sun.jmx.mbeanserver.JmxMBeanServer@27c6e487
2019-03-08 00:46:21.868 INFO  (coreLoadExecutor-13-thread-1-processing-n:numa-04:8983_solr) [c:ycsb s:shard1 r:core_node2 x:ycsb_shard1_replica_n1] org.apache.solr.core.SolrCore [[ycsb_shard1_replica_n1] ] Opening new SolrCore at [/home/epi/solr-7.7.0-src/solr/example/cloud/node1/solr/ycsb_shard1_replica_n1], dataDir=[/home/epi/solr-7.7.0-src/solr/example/cloud/node1/solr/ycsb_shard1_replica_n1/data/]
2019-03-08 00:46:21.892 INFO  (coreLoadExecutor-13-thread-1-processing-n:numa-04:8983_solr) [c:ycsb s:shard1 r:core_node2 x:ycsb_shard1_replica_n1] org.apache.solr.response.XSLTResponseWriter xsltCacheLifetimeSeconds=5
2019-03-08 00:46:22.170 INFO  (coreLoadExecutor-13-thread-1-processing-n:numa-04:8983_solr) [c:ycsb s:shard1 r:core_node2 x:ycsb_shard1_replica_n1] org.apache.solr.update.UpdateHandler Using UpdateLog implementation: org.apache.solr.update.UpdateLog
2019-03-08 00:46:22.171 INFO  (coreLoadExecutor-13-thread-1-processing-n:numa-04:8983_solr) [c:ycsb s:shard1 r:core_node2 x:ycsb_shard1_replica_n1] org.apache.solr.update.UpdateLog Initializing UpdateLog: dataDir= defaultSyncLevel=FLUSH numRecordsToKeep=100 maxNumLogsToKeep=10 numVersionBuckets=65536
2019-03-08 00:46:22.179 INFO  (coreLoadExecutor-13-thread-1-processing-n:numa-04:8983_solr) [c:ycsb s:shard1 r:core_node2 x:ycsb_shard1_replica_n1] org.apache.solr.update.CommitTracker Hard AutoCommit: if uncommitted for 15000ms; 
2019-03-08 00:46:22.179 INFO  (coreLoadExecutor-13-thread-1-processing-n:numa-04:8983_solr) [c:ycsb s:shard1 r:core_node2 x:ycsb_shard1_replica_n1] org.apache.solr.update.CommitTracker Soft AutoCommit: disabled
2019-03-08 00:46:22.230 INFO  (coreLoadExecutor-13-thread-1-processing-n:numa-04:8983_solr) [c:ycsb s:shard1 r:core_node2 x:ycsb_shard1_replica_n1] org.apache.solr.search.SolrIndexSearcher Opening [Searcher@7fcd0cfc[ycsb_shard1_replica_n1] main]
2019-03-08 00:46:22.242 INFO  (coreLoadExecutor-13-thread-1-processing-n:numa-04:8983_solr) [c:ycsb s:shard1 r:core_node2 x:ycsb_shard1_replica_n1] org.apache.solr.rest.ManagedResourceStorage$ZooKeeperStorageIO Configured ZooKeeperStorageIO with znodeBase: /configs/_default
2019-03-08 00:46:22.249 INFO  (coreLoadExecutor-13-thread-1-processing-n:numa-04:8983_solr) [c:ycsb s:shard1 r:core_node2 x:ycsb_shard1_replica_n1] org.apache.solr.rest.ManagedResourceStorage Loaded null at path _rest_managed.json using ZooKeeperStorageIO:path=/configs/_default
2019-03-08 00:46:22.251 INFO  (coreLoadExecutor-13-thread-1-processing-n:numa-04:8983_solr) [c:ycsb s:shard1 r:core_node2 x:ycsb_shard1_replica_n1] org.apache.solr.schema.ZkIndexSchemaReader Creating ZooKeeper watch for the managed schema at /configs/_default/managed-schema
2019-03-08 00:46:22.253 INFO  (coreLoadExecutor-13-thread-1-processing-n:numa-04:8983_solr) [c:ycsb s:shard1 r:core_node2 x:ycsb_shard1_replica_n1] org.apache.solr.schema.ZkIndexSchemaReader Current schema version 0 is already the latest
2019-03-08 00:46:22.259 INFO  (coreLoadExecutor-13-thread-1-processing-n:numa-04:8983_solr) [c:ycsb s:shard1 r:core_node2 x:ycsb_shard1_replica_n1] org.apache.solr.handler.component.SpellCheckComponent Initializing spell checkers
2019-03-08 00:46:22.263 INFO  (coreLoadExecutor-13-thread-1-processing-n:numa-04:8983_solr) [c:ycsb s:shard1 r:core_node2 x:ycsb_shard1_replica_n1] org.apache.solr.spelling.DirectSolrSpellChecker init: {name=default,field=_text_,classname=solr.DirectSolrSpellChecker,distanceMeasure=internal,accuracy=0.5,maxEdits=2,minPrefix=1,maxInspections=5,minQueryLength=4,maxQueryFrequency=0.01}
2019-03-08 00:46:22.270 INFO  (coreLoadExecutor-13-thread-1-processing-n:numa-04:8983_solr) [c:ycsb s:shard1 r:core_node2 x:ycsb_shard1_replica_n1] org.apache.solr.handler.ReplicationHandler Commits will be reserved for 10000ms.
2019-03-08 00:46:22.273 INFO  (coreLoadExecutor-13-thread-1-processing-n:numa-04:8983_solr) [c:ycsb s:shard1 r:core_node2 x:ycsb_shard1_replica_n1] org.apache.solr.update.UpdateLog Could not find max version in index or recent updates, using new clock 1627396224867893248
2019-03-08 00:46:22.281 INFO  (searcherExecutor-14-thread-1-processing-n:numa-04:8983_solr x:ycsb_shard1_replica_n1 c:ycsb s:shard1 r:core_node2) [c:ycsb s:shard1 r:core_node2 x:ycsb_shard1_replica_n1] org.apache.solr.core.QuerySenderListener QuerySenderListener sending requests to Searcher@7fcd0cfc[ycsb_shard1_replica_n1] main{ExitableDirectoryReader(UninvertingDirectoryReader())}
2019-03-08 00:46:22.281 INFO  (searcherExecutor-14-thread-1-processing-n:numa-04:8983_solr x:ycsb_shard1_replica_n1 c:ycsb s:shard1 r:core_node2) [c:ycsb s:shard1 r:core_node2 x:ycsb_shard1_replica_n1] org.apache.solr.core.QuerySenderListener QuerySenderListener done.
2019-03-08 00:46:22.282 INFO  (searcherExecutor-14-thread-1-processing-n:numa-04:8983_solr x:ycsb_shard1_replica_n1 c:ycsb s:shard1 r:core_node2) [c:ycsb s:shard1 r:core_node2 x:ycsb_shard1_replica_n1] org.apache.solr.handler.component.SpellCheckComponent$SpellCheckerListener Loading spell index for spellchecker: default
2019-03-08 00:46:22.293 INFO  (searcherExecutor-14-thread-1-processing-n:numa-04:8983_solr x:ycsb_shard1_replica_n1 c:ycsb s:shard1 r:core_node2) [c:ycsb s:shard1 r:core_node2 x:ycsb_shard1_replica_n1] org.apache.solr.core.SolrCore [ycsb_shard1_replica_n1] Registered new searcher Searcher@7fcd0cfc[ycsb_shard1_replica_n1] main{ExitableDirectoryReader(UninvertingDirectoryReader())}
2019-03-08 00:46:22.301 INFO  (coreZkRegister-1-thread-1-processing-n:numa-04:8983_solr x:ycsb_shard1_replica_n1 c:ycsb s:shard1 r:core_node2) [c:ycsb s:shard1 r:core_node2 x:ycsb_shard1_replica_n1] org.apache.solr.cloud.ShardLeaderElectionContextBase make sure parent is created /collections/ycsb/leaders/shard1
2019-03-08 00:46:22.307 INFO  (coreZkRegister-1-thread-1-processing-n:numa-04:8983_solr x:ycsb_shard1_replica_n1 c:ycsb s:shard1 r:core_node2) [c:ycsb s:shard1 r:core_node2 x:ycsb_shard1_replica_n1] org.apache.solr.cloud.ShardLeaderElectionContext Enough replicas found to continue.
2019-03-08 00:46:22.307 INFO  (coreZkRegister-1-thread-1-processing-n:numa-04:8983_solr x:ycsb_shard1_replica_n1 c:ycsb s:shard1 r:core_node2) [c:ycsb s:shard1 r:core_node2 x:ycsb_shard1_replica_n1] org.apache.solr.cloud.ShardLeaderElectionContext I may be the new leader - try and sync
2019-03-08 00:46:22.307 INFO  (coreZkRegister-1-thread-1-processing-n:numa-04:8983_solr x:ycsb_shard1_replica_n1 c:ycsb s:shard1 r:core_node2) [c:ycsb s:shard1 r:core_node2 x:ycsb_shard1_replica_n1] org.apache.solr.cloud.SyncStrategy Sync replicas to http://numa-04:8983/solr/ycsb_shard1_replica_n1/
2019-03-08 00:46:22.308 INFO  (coreZkRegister-1-thread-1-processing-n:numa-04:8983_solr x:ycsb_shard1_replica_n1 c:ycsb s:shard1 r:core_node2) [c:ycsb s:shard1 r:core_node2 x:ycsb_shard1_replica_n1] org.apache.solr.cloud.SyncStrategy Sync Success - now sync replicas to me
2019-03-08 00:46:22.309 INFO  (coreZkRegister-1-thread-1-processing-n:numa-04:8983_solr x:ycsb_shard1_replica_n1 c:ycsb s:shard1 r:core_node2) [c:ycsb s:shard1 r:core_node2 x:ycsb_shard1_replica_n1] org.apache.solr.cloud.SyncStrategy http://numa-04:8983/solr/ycsb_shard1_replica_n1/ has no replicas
2019-03-08 00:46:22.309 INFO  (coreZkRegister-1-thread-1-processing-n:numa-04:8983_solr x:ycsb_shard1_replica_n1 c:ycsb s:shard1 r:core_node2) [c:ycsb s:shard1 r:core_node2 x:ycsb_shard1_replica_n1] org.apache.solr.cloud.ShardLeaderElectionContext Found all replicas participating in election, clear LIR
2019-03-08 00:46:22.310 INFO  (coreZkRegister-1-thread-1-processing-n:numa-04:8983_solr x:ycsb_shard1_replica_n1 c:ycsb s:shard1 r:core_node2) [c:ycsb s:shard1 r:core_node2 x:ycsb_shard1_replica_n1] org.apache.solr.cloud.ShardLeaderElectionContextBase Creating leader registration node /collections/ycsb/leaders/shard1/leader after winning as /collections/ycsb/leader_elect/shard1/election/101710709804957717-core_node2-n_0000000003
2019-03-08 00:46:22.315 INFO  (coreZkRegister-1-thread-1-processing-n:numa-04:8983_solr x:ycsb_shard1_replica_n1 c:ycsb s:shard1 r:core_node2) [c:ycsb s:shard1 r:core_node2 x:ycsb_shard1_replica_n1] org.apache.solr.cloud.ShardLeaderElectionContext I am the new leader: http://numa-04:8983/solr/ycsb_shard1_replica_n1/ shard1
2019-03-08 00:46:22.317 INFO  (coreZkRegister-1-thread-1-processing-n:numa-04:8983_solr x:ycsb_shard1_replica_n1 c:ycsb s:shard1 r:core_node2) [c:ycsb s:shard1 r:core_node2 x:ycsb_shard1_replica_n1] org.apache.solr.cloud.ZkController I am the leader, no recovery necessary
2019-03-08 00:46:22.335 INFO  (zkCallback-5-thread-1) [   ] org.apache.solr.common.cloud.ZkStateReader$StateWatcher A cluster state change: [WatchedEvent state:SyncConnected type:NodeDataChanged path:/collections/ycsb/state.json] for collection [ycsb] has occurred - updating... (live nodes size: [1])
2019-03-08 00:46:22.336 INFO  (zkCallback-5-thread-2) [   ] org.apache.solr.common.cloud.ZkStateReader$StateWatcher A cluster state change: [WatchedEvent state:SyncConnected type:NodeDataChanged path:/collections/ycsb/state.json] for collection [ycsb] has occurred - updating... (live nodes size: [1])
2019-03-08 00:46:22.336 INFO  (zkCallback-5-thread-3) [   ] org.apache.solr.common.cloud.ZkStateReader$StateWatcher A cluster state change: [WatchedEvent state:SyncConnected type:NodeDataChanged path:/collections/ycsb/state.json] for collection [ycsb] has occurred - updating... (live nodes size: [1])
2019-03-08 00:46:22.338 INFO  (zkCallback-5-thread-4) [   ] org.apache.solr.common.cloud.ZkStateReader$StateWatcher A cluster state change: [WatchedEvent state:SyncConnected type:NodeDataChanged path:/collections/ycsb/state.json] for collection [ycsb] has occurred - updating... (live nodes size: [1])
2019-03-08 00:46:51.653 INFO  (ShutdownMonitor) [   ] org.eclipse.jetty.server.AbstractConnector Stopped ServerConnector@f415a95{HTTP/1.1,[http/1.1]}{0.0.0.0:8983}
2019-03-08 00:46:51.654 INFO  (ShutdownMonitor) [   ] org.eclipse.jetty.server.session.HouseKeeper node0 Stopped scavenging
2019-03-08 00:46:51.660 INFO  (ShutdownMonitor) [   ] org.apache.solr.core.CoreContainer Shutting down CoreContainer instance=351417028
2019-03-08 00:46:51.660 INFO  (ShutdownMonitor) [   ] org.apache.solr.cloud.ZkController Remove node as live in ZooKeeper:/live_nodes/numa-04:8983_solr
2019-03-08 00:46:51.663 INFO  (ShutdownMonitor) [   ] org.apache.solr.core.CoreContainer Publish this node as DOWN...
2019-03-08 00:46:51.664 INFO  (ShutdownMonitor) [   ] org.apache.solr.cloud.ZkController Publish node=numa-04:8983_solr as DOWN
2019-03-08 00:46:51.667 INFO  (coreCloseExecutor-19-thread-1) [c:ycsb s:shard1 r:core_node2 x:ycsb_shard1_replica_n1] org.apache.solr.core.SolrCore [ycsb_shard1_replica_n1]  CLOSING SolrCore org.apache.solr.core.SolrCore@6c8ea2d
2019-03-08 00:46:51.668 INFO  (coreCloseExecutor-19-thread-1) [c:ycsb s:shard1 r:core_node2 x:ycsb_shard1_replica_n1] org.apache.solr.metrics.SolrMetricManager Closing metric reporters for registry=solr.core.ycsb.shard1.replica_n1, tag=6c8ea2d
2019-03-08 00:46:51.669 INFO  (coreCloseExecutor-19-thread-1) [c:ycsb s:shard1 r:core_node2 x:ycsb_shard1_replica_n1] org.apache.solr.metrics.reporters.SolrJmxReporter Closing reporter [org.apache.solr.metrics.reporters.SolrJmxReporter@56e9e90a: rootName = null, domain = solr.core.ycsb.shard1.replica_n1, service url = null, agent id = null] for registry solr.core.ycsb.shard1.replica_n1 / com.codahale.metrics.MetricRegistry@2a253e20
2019-03-08 00:46:51.669 INFO  (zkCallback-5-thread-2) [   ] org.apache.solr.common.cloud.ZkStateReader$StateWatcher A cluster state change: [WatchedEvent state:SyncConnected type:NodeDataChanged path:/collections/ycsb/state.json] for collection [ycsb] has occurred - updating... (live nodes size: [1])
2019-03-08 00:46:51.669 INFO  (zkCallback-5-thread-3) [   ] org.apache.solr.common.cloud.ZkStateReader$StateWatcher A cluster state change: [WatchedEvent state:SyncConnected type:NodeDataChanged path:/collections/ycsb/state.json] for collection [ycsb] has occurred - updating... (live nodes size: [1])
2019-03-08 00:46:51.669 INFO  (zkCallback-5-thread-4) [   ] org.apache.solr.common.cloud.ZkStateReader$StateWatcher A cluster state change: [WatchedEvent state:SyncConnected type:NodeDataChanged path:/collections/ycsb/state.json] for collection [ycsb] has occurred - updating... (live nodes size: [1])
2019-03-08 00:46:51.669 INFO  (zkCallback-5-thread-1) [   ] org.apache.solr.common.cloud.ZkStateReader$StateWatcher A cluster state change: [WatchedEvent state:SyncConnected type:NodeDataChanged path:/collections/ycsb/state.json] for collection [ycsb] has occurred - updating... (live nodes size: [1])
2019-03-08 00:46:51.684 INFO  (coreCloseExecutor-19-thread-1) [c:ycsb s:shard1 r:core_node2 x:ycsb_shard1_replica_n1] org.apache.solr.metrics.SolrMetricManager Closing metric reporters for registry=solr.collection.ycsb.shard1.leader, tag=6c8ea2d
2019-03-08 00:46:51.696 INFO  (ShutdownMonitor) [   ] org.apache.solr.metrics.SolrMetricManager Closing metric reporters for registry=solr.node, tag=null
2019-03-08 00:46:51.697 INFO  (ShutdownMonitor) [   ] org.apache.solr.metrics.reporters.SolrJmxReporter Closing reporter [org.apache.solr.metrics.reporters.SolrJmxReporter@4bf3798b: rootName = null, domain = solr.node, service url = null, agent id = null] for registry solr.node / com.codahale.metrics.MetricRegistry@36930700
2019-03-08 00:46:51.701 INFO  (ShutdownMonitor) [   ] org.apache.solr.metrics.SolrMetricManager Closing metric reporters for registry=solr.jvm, tag=null
2019-03-08 00:46:51.702 INFO  (ShutdownMonitor) [   ] org.apache.solr.metrics.reporters.SolrJmxReporter Closing reporter [org.apache.solr.metrics.reporters.SolrJmxReporter@acb0951: rootName = null, domain = solr.jvm, service url = null, agent id = null] for registry solr.jvm / com.codahale.metrics.MetricRegistry@6c2087df
2019-03-08 00:46:51.704 INFO  (ShutdownMonitor) [   ] org.apache.solr.metrics.SolrMetricManager Closing metric reporters for registry=solr.jetty, tag=null
2019-03-08 00:46:51.704 INFO  (ShutdownMonitor) [   ] org.apache.solr.metrics.reporters.SolrJmxReporter Closing reporter [org.apache.solr.metrics.reporters.SolrJmxReporter@5bf22f18: rootName = null, domain = solr.jetty, service url = null, agent id = null] for registry solr.jetty / com.codahale.metrics.MetricRegistry@2d42c480
2019-03-08 00:46:51.705 INFO  (ShutdownMonitor) [   ] org.apache.solr.metrics.SolrMetricManager Closing metric reporters for registry=solr.cluster, tag=null
2019-03-08 00:46:51.713 INFO  (closeThreadPool-16-thread-2) [   ] org.apache.solr.cloud.Overseer Overseer (id=101710709804957717-numa-04:8983_solr-n_0000000005) closing
2019-03-08 00:46:51.714 INFO  (OverseerAutoScalingTriggerThread-101710709804957717-numa-04:8983_solr-n_0000000005) [   ] org.apache.solr.cloud.autoscaling.OverseerTriggerThread OverseerTriggerThread woken up but we are closed, exiting.
2019-03-08 00:46:51.714 INFO  (OverseerStateUpdate-101710709804957717-numa-04:8983_solr-n_0000000005) [   ] org.apache.solr.cloud.Overseer$ClusterStateUpdater Overseer Loop exiting : numa-04:8983_solr
2019-03-08 00:46:51.718 INFO  (ShutdownMonitor) [   ] org.apache.solr.cloud.Overseer Overseer (id=101710709804957717-numa-04:8983_solr-n_0000000005) closing
2019-03-08 00:46:51.719 INFO  (closeThreadPool-16-thread-1) [   ] org.apache.solr.cloud.Overseer Overseer (id=101710709804957717-numa-04:8983_solr-n_0000000005) closing
2019-03-08 00:46:51.723 INFO  (ShutdownMonitor) [   ] org.eclipse.jetty.server.handler.ContextHandler Stopped o.e.j.w.WebAppContext@1190200a{/solr,null,UNAVAILABLE}{/home/epi/solr-7.7.0-src/solr/server/solr-webapp/webapp}
